0:REQUEST Product,0
0:RELEASE Product,0
1:REQUEST Product_index,0
0:REQUEST Product,1
0:RELEASE Product,1
1:RELEASE Product_index,0
1:REQUEST Product_index,1
0:REQUEST Product,2
0:RELEASE Product,2
1:RELEASE Product_index,1
0:REQUEST Product,3
1:REQUEST Product_index,2
0:RELEASE Product,3
1:RELEASE Product_index,2
0:REQUEST Product,4
0:RELEASE Product,4
1:REQUEST Product_index,3
0:REQUEST Product,5
1:RELEASE Product_index,3
0:RELEASE Product,5
1:REQUEST Product,100
0:REQUEST Product,6
1:RELEASE Product,100
0:RELEASE Product,6
0:REQUEST Product,7
1:REQUEST Product,101
1:RELEASE Product,101
1:REQUEST Product,102
1:RELEASE Product,102
0:RELEASE Product,7
0:REQUEST Product,8
1:REQUEST Product,103
0:RELEASE Product,8
0:REQUEST Product,9
0:RELEASE Product,9
1:RELEASE Product,103
1:REQUEST Product,104
1:RELEASE Product,104
0:REQUEST Product,10
0:RELEASE Product,10
1:REQUEST Product,105
0:REQUEST Product,11
1:RELEASE Product,105
1:REQUEST Product,106
0:RELEASE Product,11
0:REQUEST Product,12
0:RELEASE Product,12
0:REQUEST Product,13
1:RELEASE Product,106
0:RELEASE Product,13
1:REQUEST Product,107
0:REQUEST Product,14
1:RELEASE Product,107
0:RELEASE Product,14
1:REQUEST Product,108
1:RELEASE Product,108
0:REQUEST Product,15
0:RELEASE Product,15
0:REQUEST Product,16
1:REQUEST Product,109
1:RELEASE Product,109
0:RELEASE Product,16
1:REQUEST Product,110
1:RELEASE Product,110
1:REQUEST Product,111
1:RELEASE Product,111
0:REQUEST Product,17
0:RELEASE Product,17
1:REQUEST Product,112
0:REQUEST Product,18
0:RELEASE Product,18
0:REQUEST Product,19
0:RELEASE Product,19
0:REQUEST Product,20
0:RELEASE Product,20
1:RELEASE Product,112
1:REQUEST Product,113
0:REQUEST Product,21
1:RELEASE Product,113
0:RELEASE Product,21
1:REQUEST Product,114
0:REQUEST Product,22
1:RELEASE Product,114
1:REQUEST Product,115
0:RELEASE Product,22
0:REQUEST Product,23
0:RELEASE Product,23
1:RELEASE Product,115
0:REQUEST Product,24
1:REQUEST Product,116
1:RELEASE Product,116
1:REQUEST Product,117
1:RELEASE Product,117
1:REQUEST Product,118
1:RELEASE Product,118
1:REQUEST Product,119
0:RELEASE Product,24
1:RELEASE Product,119
1:REQUEST Product,120
1:RELEASE Product,120
1:REQUEST Product,121
0:REQUEST Product,25
0:RELEASE Product,25
0:REQUEST Product,26
1:RELEASE Product,121
0:RELEASE Product,26
1:REQUEST Product,122
1:RELEASE Product,122
0:REQUEST Product,27
1:REQUEST Product,123
1:RELEASE Product,123
1:REQUEST Product,124
0:RELEASE Product,27
0:REQUEST Product,28
0:RELEASE Product,28
1:RELEASE Product,124
1:REQUEST Product,125
1:RELEASE Product,125
0:REQUEST Product,29
0:RELEASE Product,29
1:REQUEST Product,126
1:RELEASE Product,126
0:REQUEST Product,30
0:RELEASE Product,30
1:REQUEST Product,127
0:REQUEST Product,31
0:RELEASE Product,31
1:RELEASE Product,127
0:REQUEST Product,32
1:REQUEST Product,128
0:RELEASE Product,32
0:REQUEST Product,33
0:RELEASE Product,33
1:RELEASE Product,128
0:REQUEST Product,34
1:REQUEST Product,129
0:RELEASE Product,34
0:REQUEST Product,35
0:RELEASE Product,35
0:REQUEST Product,36
0:RELEASE Product,36
1:RELEASE Product,129
0:REQUEST Product,37
1:REQUEST Product,130
0:RELEASE Product,37
1:RELEASE Product,130
1:REQUEST Product,131
1:RELEASE Product,131
1:REQUEST Product,132
1:RELEASE Product,132
1:REQUEST Product,133
0:REQUEST Product,38
1:RELEASE Product,133
1:REQUEST Product,134
1:RELEASE Product,134
1:REQUEST Product,135
0:RELEASE Product,38
0:REQUEST Product,39
0:RELEASE Product,39
1:RELEASE Product,135
0:REQUEST Product,40
0:RELEASE Product,40
1:REQUEST Product,136
1:RELEASE Product,136
0:REQUEST Product,41
0:RELEASE Product,41
1:REQUEST Product,137
1:RELEASE Product,137
0:REQUEST Product,42
1:REQUEST Product,138
1:RELEASE Product,138
0:RELEASE Product,42
1:REQUEST Product,139
1:RELEASE Product,139
0:REQUEST Product,43
0:RELEASE Product,43
1:REQUEST Product,140
1:RELEASE Product,140
1:REQUEST Product,141
1:RELEASE Product,141
0:REQUEST Product,44
0:RELEASE Product,44
1:REQUEST Product,142
1:RELEASE Product,142
0:REQUEST Product,45
0:RELEASE Product,45
1:REQUEST Product,143
1:RELEASE Product,143
1:REQUEST Product,144
0:REQUEST Product,46
0:RELEASE Product,46
1:RELEASE Product,144
1:REQUEST Product,145
0:REQUEST Product,47
0:RELEASE Product,47
0:REQUEST Product,48
0:RELEASE Product,48
0:REQUEST Product,49
1:RELEASE Product,145
1:REQUEST Product,146
1:RELEASE Product,146
0:RELEASE Product,49
0:REQUEST Product,50
1:REQUEST Product,147
1:RELEASE Product,147
0:RELEASE Product,50
0:REQUEST Product,51
1:REQUEST Product,148
0:RELEASE Product,51
0:REQUEST Product,52
0:RELEASE Product,52
1:RELEASE Product,148
0:REQUEST Product,53
0:RELEASE Product,53
0:REQUEST Product,54
1:REQUEST Product,149
0:RELEASE Product,54
0:REQUEST Product,55
1:RELEASE Product,149
0:RELEASE Product,55
1:REQUEST Product,150
0:REQUEST Product,56
0:RELEASE Product,56
1:RELEASE Product,150
0:REQUEST Product,57
0:RELEASE Product,57
1:REQUEST Product,151
0:REQUEST Product,58
1:RELEASE Product,151
1:REQUEST Product,152
1:RELEASE Product,152
1:REQUEST Product,153
1:RELEASE Product,153
1:REQUEST Product,154
1:RELEASE Product,154
0:RELEASE Product,58
0:REQUEST Product,59
0:RELEASE Product,59
1:REQUEST Product,155
1:RELEASE Product,155
0:REQUEST Product,60
0:RELEASE Product,60
1:REQUEST Product,156
0:REQUEST Product,61
0:RELEASE Product,61
0:REQUEST Product,62
1:RELEASE Product,156
1:REQUEST Product,157
1:RELEASE Product,157
0:RELEASE Product,62
0:REQUEST Product,63
0:RELEASE Product,63
0:REQUEST Product,64
1:REQUEST Product,158
0:RELEASE Product,64
1:RELEASE Product,158
1:REQUEST Product,159
0:REQUEST Product,65
1:RELEASE Product,159
1:REQUEST Product,160
0:RELEASE Product,65
1:RELEASE Product,160
0:REQUEST Product,66
0:RELEASE Product,66
0:REQUEST Product,67
0:RELEASE Product,67
1:REQUEST Product,161
0:REQUEST Product,68
0:RELEASE Product,68
1:RELEASE Product,161
0:REQUEST Product,69
0:RELEASE Product,69
1:REQUEST Product,162
1:RELEASE Product,162
0:REQUEST Product,70
0:RELEASE Product,70
0:REQUEST Product,71
0:RELEASE Product,71
1:REQUEST Product,163
1:RELEASE Product,163
1:REQUEST Product,164
0:REQUEST Product,72
1:RELEASE Product,164
1:REQUEST Product,165
0:RELEASE Product,72
1:RELEASE Product,165
0:REQUEST Product,73
1:REQUEST Product,166
0:RELEASE Product,73
1:RELEASE Product,166
1:REQUEST Product,167
0:REQUEST Product,74
1:RELEASE Product,167
0:RELEASE Product,74
1:REQUEST Product,168
0:REQUEST Product,75
1:RELEASE Product,168
1:REQUEST Product,169
1:RELEASE Product,169
0:RELEASE Product,75
0:REQUEST Product,76
1:REQUEST Product,170
1:RELEASE Product,170
1:REQUEST Product,171
0:RELEASE Product,76
0:REQUEST Product,77
0:RELEASE Product,77
0:REQUEST Product,78
0:RELEASE Product,78
1:RELEASE Product,171
1:REQUEST Product,172
0:REQUEST Product,79
1:RELEASE Product,172
0:RELEASE Product,79
0:REQUEST Product,80
0:RELEASE Product,80
0:REQUEST Product,81
1:REQUEST Product,173
0:RELEASE Product,81
0:REQUEST Product,82
1:RELEASE Product,173
1:REQUEST Product,174
1:RELEASE Product,174
1:REQUEST Product,175
1:RELEASE Product,175
0:RELEASE Product,82
1:REQUEST Product,176
1:RELEASE Product,176
1:REQUEST Product,177
1:RELEASE Product,177
0:REQUEST Product,83
1:REQUEST Product,178
1:RELEASE Product,178
1:REQUEST Product,179
0:RELEASE Product,83
1:RELEASE Product,179
0:REQUEST Product,84
0:RELEASE Product,84
0:REQUEST Product,85
1:REQUEST Product,180
1:RELEASE Product,180
1:REQUEST Product,181
0:RELEASE Product,85
0:REQUEST Product,86
1:RELEASE Product,181
1:REQUEST Product,182
1:RELEASE Product,182
0:RELEASE Product,86
0:REQUEST Product,87
1:REQUEST Product,183
0:RELEASE Product,87
1:RELEASE Product,183
1:REQUEST Product,184
0:REQUEST Product,88
1:RELEASE Product,184
1:REQUEST Product,185
0:RELEASE Product,88
1:RELEASE Product,185
0:REQUEST Product,89
0:RELEASE Product,89
0:REQUEST Product,90
0:RELEASE Product,90
0:REQUEST Product,91
1:REQUEST Product,186
1:RELEASE Product,186
1:REQUEST Product,187
0:RELEASE Product,91
1:RELEASE Product,187
1:REQUEST Product,188
0:REQUEST Product,92
1:RELEASE Product,188
1:REQUEST Product,189
0:RELEASE Product,92
0:REQUEST Product,93
0:RELEASE Product,93
0:REQUEST Product,94
0:RELEASE Product,94
0:REQUEST Product,95
0:RELEASE Product,95
0:REQUEST Product,96
1:RELEASE Product,189
0:RELEASE Product,96
0:REQUEST Product,97
0:RELEASE Product,97
1:REQUEST Product,190
0:REQUEST Product,98
1:RELEASE Product,190
1:REQUEST Product,191
0:RELEASE Product,98
1:RELEASE Product,191
0:REQUEST Product,99
1:REQUEST Product,192
0:RELEASE Product,99
1:RELEASE Product,192
0:REQUEST Product,100
1:REQUEST Product,193
1:RELEASE Product,193
0:RELEASE Product,100
1:REQUEST Product,194
0:REQUEST Product,101
0:RELEASE Product,101
1:RELEASE Product,194
0:REQUEST Product,102
1:REQUEST Product,195
1:RELEASE Product,195
0:RELEASE Product,102
1:REQUEST Product,196
0:REQUEST Product,103
0:RELEASE Product,103
0:REQUEST Product,104
1:RELEASE Product,196
0:RELEASE Product,104
1:REQUEST Product,197
1:RELEASE Product,197
0:REQUEST Product,105
1:REQUEST Product,198
1:RELEASE Product,198
0:RELEASE Product,105
0:REQUEST Product,106
1:REQUEST Product,199
1:RELEASE Product,199
0:RELEASE Product,106
0:REQUEST Product,107
0:RELEASE Product,107
1:REQUEST Product,200
1:RELEASE Product,200
0:REQUEST Product,108
1:REQUEST Product,201
1:RELEASE Product,201
0:RELEASE Product,108
1:REQUEST Product,202
0:REQUEST Product,109
0:RELEASE Product,109
0:REQUEST Product,110
0:RELEASE Product,110
1:RELEASE Product,202
0:REQUEST Product,111
1:REQUEST Product,203
0:RELEASE Product,111
1:RELEASE Product,203
1:REQUEST Product,204
0:REQUEST Product,112
0:RELEASE Product,112
0:REQUEST Product,113
0:RELEASE Product,113
1:RELEASE Product,204
0:REQUEST Product,114
0:RELEASE Product,114
1:REQUEST Product,205
1:RELEASE Product,205
0:REQUEST Product,115
0:RELEASE Product,115
0:REQUEST Product,116
0:RELEASE Product,116
1:REQUEST Product,206
1:RELEASE Product,206
0:REQUEST Product,117
1:REQUEST Product,207
0:RELEASE Product,117
1:RELEASE Product,207
1:REQUEST Product,208
0:REQUEST Product,118
1:RELEASE Product,208
0:RELEASE Product,118
0:REQUEST Product,119
0:RELEASE Product,119
0:REQUEST Product,120
1:REQUEST Product,209
0:RELEASE Product,120
1:RELEASE Product,209
0:REQUEST Product,121
1:REQUEST Product,210
1:RELEASE Product,210
1:REQUEST Product,211
0:RELEASE Product,121
1:RELEASE Product,211
1:REQUEST Product,212
1:RELEASE Product,212
0:REQUEST Product,122
1:REQUEST Product,213
1:RELEASE Product,213
1:REQUEST Product,214
0:RELEASE Product,122
0:REQUEST Product,123
1:RELEASE Product,214
0:RELEASE Product,123
0:REQUEST Product,124
1:REQUEST Product,215
0:RELEASE Product,124
0:REQUEST Product,125
1:RELEASE Product,215
0:RELEASE Product,125
1:REQUEST Product,216
0:REQUEST Product,126
1:RELEASE Product,216
0:RELEASE Product,126
0:REQUEST Product,127
0:RELEASE Product,127
1:REQUEST Product,217
1:RELEASE Product,217
1:REQUEST Product,218
0:REQUEST Product,128
0:RELEASE Product,128
0:REQUEST Product,129
0:RELEASE Product,129
1:RELEASE Product,218
1:REQUEST Product,219
1:RELEASE Product,219
0:REQUEST Product,130
0:RELEASE Product,130
0:REQUEST Product,131
0:RELEASE Product,131
1:REQUEST Product,220
1:RELEASE Product,220
1:REQUEST Product,221
1:RELEASE Product,221
0:REQUEST Product,132
1:REQUEST Product,222
0:RELEASE Product,132
1:RELEASE Product,222
0:REQUEST Product,133
0:RELEASE Product,133
1:REQUEST Product,223
0:REQUEST Product,134
1:RELEASE Product,223
0:RELEASE Product,134
0:REQUEST Product,135
0:RELEASE Product,135
1:REQUEST Product,224
1:RELEASE Product,224
1:REQUEST Product,225
0:REQUEST Product,136
0:RELEASE Product,136
0:REQUEST Product,137
1:RELEASE Product,225
1:REQUEST Product,226
1:RELEASE Product,226
0:RELEASE Product,137
0:REQUEST Product,138
0:RELEASE Product,138
0:REQUEST Product,139
0:RELEASE Product,139
0:REQUEST Product,140
0:RELEASE Product,140
0:REQUEST Product,141
1:REQUEST Product,227
0:RELEASE Product,141
1:RELEASE Product,227
0:REQUEST Product,142
1:REQUEST Product,228
0:RELEASE Product,142
0:REQUEST Product,143
0:RELEASE Product,143
0:REQUEST Product,144
1:RELEASE Product,228
1:REQUEST Product,229
0:RELEASE Product,144
0:REQUEST Product,145
0:RELEASE Product,145
0:REQUEST Product,146
0:RELEASE Product,146
1:RELEASE Product,229
0:REQUEST Product,147
1:REQUEST Product,230
1:RELEASE Product,230
1:REQUEST Product,231
0:RELEASE Product,147
1:RELEASE Product,231
0:REQUEST Product,148
1:REQUEST Product,232
1:RELEASE Product,232
1:REQUEST Product,233
1:RELEASE Product,233
0:RELEASE Product,148
1:REQUEST Product,234
0:REQUEST Product,149
1:RELEASE Product,234
1:REQUEST Product,235
1:RELEASE Product,235
1:REQUEST Product,236
1:RELEASE Product,236
1:REQUEST Product,237
1:RELEASE Product,237
1:REQUEST Product,238
0:RELEASE Product,149
1:RELEASE Product,238
1:REQUEST Product,239
0:REQUEST Product,150
1:RELEASE Product,239
0:RELEASE Product,150
1:REQUEST Product,240
0:REQUEST Product,151
1:RELEASE Product,240
1:REQUEST Product,241
0:RELEASE Product,151
0:REQUEST Product,152
1:RELEASE Product,241
1:REQUEST Product,242
0:RELEASE Product,152
1:RELEASE Product,242
0:REQUEST Product,153
1:REQUEST Product,243
0:RELEASE Product,153
1:RELEASE Product,243
1:REQUEST Product,244
0:REQUEST Product,154
0:RELEASE Product,154
0:REQUEST Product,155
1:RELEASE Product,244
0:RELEASE Product,155
0:REQUEST Product,156
0:RELEASE Product,156
0:REQUEST Product,157
0:RELEASE Product,157
1:REQUEST Product,245
0:REQUEST Product,158
1:RELEASE Product,245
0:RELEASE Product,158
0:REQUEST Product,159
1:REQUEST Product,246
0:RELEASE Product,159
0:REQUEST Product,160
0:RELEASE Product,160
0:REQUEST Product,161
1:RELEASE Product,246
1:REQUEST Product,247
1:RELEASE Product,247
1:REQUEST Product,248
1:RELEASE Product,248
0:RELEASE Product,161
0:REQUEST Product,162
0:RELEASE Product,162
1:REQUEST Product,249
1:RELEASE Product,249
1:REQUEST Product,250
0:REQUEST Product,163
1:RELEASE Product,250
1:REQUEST Product,251
1:RELEASE Product,251
0:RELEASE Product,163
0:REQUEST Product,164
0:RELEASE Product,164
0:REQUEST Product,165
1:REQUEST Product,252
0:RELEASE Product,165
1:RELEASE Product,252
0:REQUEST Product,166
0:RELEASE Product,166
1:REQUEST Product,253
1:RELEASE Product,253
1:REQUEST Product,254
1:RELEASE Product,254
1:REQUEST Product,255
1:RELEASE Product,255
0:REQUEST Product,167
1:REQUEST Product,256
1:RELEASE Product,256
1:REQUEST Product,257
1:RELEASE Product,257
1:REQUEST Product,258
1:RELEASE Product,258
1:REQUEST Product,259
1:RELEASE Product,259
0:RELEASE Product,167
1:REQUEST Product,260
1:RELEASE Product,260
1:REQUEST Product,261
1:RELEASE Product,261
0:REQUEST Product,168
1:REQUEST Product,262
1:RELEASE Product,262
1:REQUEST Product,263
0:RELEASE Product,168
1:RELEASE Product,263
0:REQUEST Product,169
1:REQUEST Product,264
0:RELEASE Product,169
0:REQUEST Product,170
0:RELEASE Product,170
0:REQUEST Product,171
0:RELEASE Product,171
0:REQUEST Product,172
1:RELEASE Product,264
0:RELEASE Product,172
0:REQUEST Product,173
1:REQUEST Product,265
1:RELEASE Product,265
0:RELEASE Product,173
1:REQUEST Product,266
1:RELEASE Product,266
1:REQUEST Product,267
0:REQUEST Product,174
1:RELEASE Product,267
0:RELEASE Product,174
1:REQUEST Product,268
1:RELEASE Product,268
1:REQUEST Product,269
0:REQUEST Product,175
1:RELEASE Product,269
1:REQUEST Product,270
1:RELEASE Product,270
1:REQUEST Product,271
1:RELEASE Product,271
0:RELEASE Product,175
1:REQUEST Product,272
1:RELEASE Product,272
0:REQUEST Product,176
0:RELEASE Product,176
0:REQUEST Product,177
0:RELEASE Product,177
1:REQUEST Product,273
1:RELEASE Product,273
0:REQUEST Product,178
1:REQUEST Product,274
1:RELEASE Product,274
1:REQUEST Product,275
0:RELEASE Product,178
0:REQUEST Product,179
0:RELEASE Product,179
0:REQUEST Product,180
0:RELEASE Product,180
0:REQUEST Product,181
1:RELEASE Product,275
0:RELEASE Product,181
1:REQUEST Product,276
1:RELEASE Product,276
0:REQUEST Product,182
0:RELEASE Product,182
1:REQUEST Product,277
1:RELEASE Product,277
1:REQUEST Product,278
0:REQUEST Product,183
1:RELEASE Product,278
1:REQUEST Product,279
0:RELEASE Product,183
1:RELEASE Product,279
1:REQUEST Product,280
1:RELEASE Product,280
1:REQUEST Product,281
1:RELEASE Product,281
0:REQUEST Product,184
1:REQUEST Product,282
0:RELEASE Product,184
1:RELEASE Product,282
0:REQUEST Product,185
0:RELEASE Product,185
1:REQUEST Product,283
0:REQUEST Product,186
1:RELEASE Product,283
0:RELEASE Product,186
0:REQUEST Product,187
1:REQUEST Product,284
1:RELEASE Product,284
0:RELEASE Product,187
0:REQUEST Product,188
1:REQUEST Product,285
0:RELEASE Product,188
0:REQUEST Product,189
0:RELEASE Product,189
0:REQUEST Product,190
0:RELEASE Product,190
0:REQUEST Product,191
1:RELEASE Product,285
0:RELEASE Product,191
0:REQUEST Product,192
1:REQUEST Product,286
0:RELEASE Product,192
0:REQUEST Product,193
1:RELEASE Product,286
0:RELEASE Product,193
1:REQUEST Product,287
1:RELEASE Product,287
0:REQUEST Product,194
1:REQUEST Product,288
0:RELEASE Product,194
0:REQUEST Product,195
0:RELEASE Product,195
1:RELEASE Product,288
1:REQUEST Product,289
0:REQUEST Product,196
1:RELEASE Product,289
0:RELEASE Product,196
0:REQUEST Product,197
1:REQUEST Product,290
1:RELEASE Product,290
1:REQUEST Product,291
0:RELEASE Product,197
1:RELEASE Product,291
1:REQUEST Product,292
0:REQUEST Product,198
0:RELEASE Product,198
0:REQUEST Product,199
0:RELEASE Product,199
1:RELEASE Product,292
0:REQUEST Product,200
1:REQUEST Product,293
0:RELEASE Product,200
0:REQUEST Product,201
0:RELEASE Product,201
1:RELEASE Product,293
1:REQUEST Product,294
0:REQUEST Product,202
0:RELEASE Product,202
0:REQUEST Product,203
0:RELEASE Product,203
1:RELEASE Product,294
1:REQUEST Product,295
0:REQUEST Product,204
0:RELEASE Product,204
0:REQUEST Product,205
0:RELEASE Product,205
0:REQUEST Product,206
0:RELEASE Product,206
0:REQUEST Product,207
1:RELEASE Product,295
1:REQUEST Product,296
0:RELEASE Product,207
1:RELEASE Product,296
0:REQUEST Product,208
1:REQUEST Product,297
1:RELEASE Product,297
0:RELEASE Product,208
0:REQUEST Product,209
0:RELEASE Product,209
0:REQUEST Product,210
0:RELEASE Product,210
1:REQUEST Product,298
0:REQUEST Product,211
1:RELEASE Product,298
0:RELEASE Product,211
0:REQUEST Product,212
0:RELEASE Product,212
0:REQUEST Product,213
1:REQUEST Product,299
0:RELEASE Product,213
0:REQUEST Product,214
0:RELEASE Product,214
1:RELEASE Product,299
1:REQUEST Product,300
1:RELEASE Product,300
0:REQUEST Product,215
0:RELEASE Product,215
1:REQUEST Product,301
0:REQUEST Product,216
0:RELEASE Product,216
0:REQUEST Product,217
0:RELEASE Product,217
1:RELEASE Product,301
1:REQUEST Product,302
0:REQUEST Product,218
1:RELEASE Product,302
1:REQUEST Product,303
0:RELEASE Product,218
1:RELEASE Product,303
0:REQUEST Product,219
0:RELEASE Product,219
1:REQUEST Product,304
0:REQUEST Product,220
0:RELEASE Product,220
0:REQUEST Product,221
1:RELEASE Product,304
0:RELEASE Product,221
1:REQUEST Product,305
0:REQUEST Product,222
1:RELEASE Product,305
0:RELEASE Product,222
0:REQUEST Product,223
0:RELEASE Product,223
0:REQUEST Product,224
1:REQUEST Product,306
1:RELEASE Product,306
1:REQUEST Product,307
1:RELEASE Product,307
0:RELEASE Product,224
0:REQUEST Product,225
0:RELEASE Product,225
0:REQUEST Product,226
0:RELEASE Product,226
1:REQUEST Product,308
1:RELEASE Product,308
1:REQUEST Product,309
0:REQUEST Product,227
1:RELEASE Product,309
0:RELEASE Product,227
0:REQUEST Product,228
0:RELEASE Product,228
1:REQUEST Product,310
0:REQUEST Product,229
0:RELEASE Product,229
0:REQUEST Product,230
0:RELEASE Product,230
1:RELEASE Product,310
1:REQUEST Product,311
0:REQUEST Product,231
1:RELEASE Product,311
0:RELEASE Product,231
0:REQUEST Product,232
0:RELEASE Product,232
0:REQUEST Product,233
1:REQUEST Product,312
0:RELEASE Product,233
1:RELEASE Product,312
0:REQUEST Product,234
0:RELEASE Product,234
1:REQUEST Product,313
0:REQUEST Product,235
0:RELEASE Product,235
1:RELEASE Product,313
1:REQUEST Product,314
1:RELEASE Product,314
0:REQUEST Product,236
0:RELEASE Product,236
0:REQUEST Product,237
0:RELEASE Product,237
1:REQUEST Product,315
0:REQUEST Product,238
1:RELEASE Product,315
1:REQUEST Product,316
0:RELEASE Product,238
1:RELEASE Product,316
1:REQUEST Product,317
0:REQUEST Product,239
0:RELEASE Product,239
1:RELEASE Product,317
0:REQUEST Product,240
1:REQUEST Product,318
0:RELEASE Product,240
1:RELEASE Product,318
0:REQUEST Product,241
0:RELEASE Product,241
1:REQUEST Product,319
0:REQUEST Product,242
1:RELEASE Product,319
1:REQUEST Product,320
1:RELEASE Product,320
0:RELEASE Product,242
1:REQUEST Product,321
1:RELEASE Product,321
1:REQUEST Product,322
0:REQUEST Product,243
1:RELEASE Product,322
0:RELEASE Product,243
1:REQUEST Product,323
1:RELEASE Product,323
0:REQUEST Product,244
0:RELEASE Product,244
1:REQUEST Product,324
1:RELEASE Product,324
0:REQUEST Product,245
1:REQUEST Product,325
0:RELEASE Product,245
0:REQUEST Product,246
1:RELEASE Product,325
0:RELEASE Product,246
0:REQUEST Product,247
0:RELEASE Product,247
1:REQUEST Product,326
1:RELEASE Product,326
0:REQUEST Product,248
1:REQUEST Product,327
1:RELEASE Product,327
1:REQUEST Product,328
0:RELEASE Product,248
0:REQUEST Product,249
0:RELEASE Product,249
1:RELEASE Product,328
1:REQUEST Product,329
0:REQUEST Product,250
0:RELEASE Product,250
1:RELEASE Product,329
0:REQUEST Product,251
1:REQUEST Product,330
1:RELEASE Product,330
0:RELEASE Product,251
0:REQUEST Product,252
1:REQUEST Product,331
0:RELEASE Product,252
0:REQUEST Product,253
0:RELEASE Product,253
0:REQUEST Product,254
0:RELEASE Product,254
1:RELEASE Product,331
1:REQUEST Product,332
1:RELEASE Product,332
0:REQUEST Product,255
1:REQUEST Product,333
1:RELEASE Product,333
1:REQUEST Product,334
1:RELEASE Product,334
1:REQUEST Product,335
1:RELEASE Product,335
0:RELEASE Product,255
1:REQUEST Product,336
0:REQUEST Product,256
1:RELEASE Product,336
0:RELEASE Product,256
0:REQUEST Product,257
0:RELEASE Product,257
1:REQUEST Product,337
1:RELEASE Product,337
0:REQUEST Product,258
1:REQUEST Product,338
1:RELEASE Product,338
0:RELEASE Product,258
0:REQUEST Product,259
1:REQUEST Product,339
0:RELEASE Product,259
1:RELEASE Product,339
1:REQUEST Product,340
1:RELEASE Product,340
0:REQUEST Product,260
0:RELEASE Product,260
0:REQUEST Product,261
1:REQUEST Product,341
0:RELEASE Product,261
1:RELEASE Product,341
0:REQUEST Product,262
0:RELEASE Product,262
0:REQUEST Product,263
0:RELEASE Product,263
1:REQUEST Product,342
1:RELEASE Product,342
1:REQUEST Product,343
0:REQUEST Product,264
1:RELEASE Product,343
1:REQUEST Product,344
0:RELEASE Product,264
1:RELEASE Product,344
0:REQUEST Product,265
1:REQUEST Product,345
1:RELEASE Product,345
0:RELEASE Product,265
1:REQUEST Product,346
0:REQUEST Product,266
1:RELEASE Product,346
1:REQUEST Product,347
1:RELEASE Product,347
1:REQUEST Product,348
1:RELEASE Product,348
1:REQUEST Product,349
0:RELEASE Product,266
1:RELEASE Product,349
0:REQUEST Product,267
0:RELEASE Product,267
1:REQUEST Product,350
0:REQUEST Product,268
0:RELEASE Product,268
0:REQUEST Product,269
0:RELEASE Product,269
0:REQUEST Product,270
1:RELEASE Product,350
1:REQUEST Product,351
0:RELEASE Product,270
0:REQUEST Product,271
1:RELEASE Product,351
0:RELEASE Product,271
0:REQUEST Product,272
0:RELEASE Product,272
1:REQUEST Product,352
0:REQUEST Product,273
1:RELEASE Product,352
0:RELEASE Product,273
0:REQUEST Product,274
0:RELEASE Product,274
0:REQUEST Product,275
1:REQUEST Product,353
0:RELEASE Product,275
1:RELEASE Product,353
0:REQUEST Product,276
0:RELEASE Product,276
1:REQUEST Product,354
0:REQUEST Product,277
0:RELEASE Product,277
1:RELEASE Product,354
0:REQUEST Product,278
1:REQUEST Product,355
1:RELEASE Product,355
1:REQUEST Product,356
0:RELEASE Product,278
0:REQUEST Product,279
0:RELEASE Product,279
0:REQUEST Product,280
1:RELEASE Product,356
0:RELEASE Product,280
1:REQUEST Product,357
1:RELEASE Product,357
0:REQUEST Product,281
0:RELEASE Product,281
0:REQUEST Product,282
0:RELEASE Product,282
1:REQUEST Product,358
1:RELEASE Product,358
1:REQUEST Product,359
1:RELEASE Product,359
0:REQUEST Product,283
1:REQUEST Product,360
0:RELEASE Product,283
0:REQUEST Product,284
0:RELEASE Product,284
0:REQUEST Product,285
1:RELEASE Product,360
0:RELEASE Product,285
0:REQUEST Product,286
0:RELEASE Product,286
0:REQUEST Product,287
0:RELEASE Product,287
0:REQUEST Product,288
1:REQUEST Product,361
0:RELEASE Product,288
1:RELEASE Product,361
1:REQUEST Product,362
1:RELEASE Product,362
1:REQUEST Product,363
1:RELEASE Product,363
0:REQUEST Product,289
0:RELEASE Product,289
1:REQUEST Product,364
0:REQUEST Product,290
1:RELEASE Product,364
1:REQUEST Product,365
0:RELEASE Product,290
1:RELEASE Product,365
0:REQUEST Product,291
1:REQUEST Product,366
1:RELEASE Product,366
0:RELEASE Product,291
0:REQUEST Product,292
1:REQUEST Product,367
1:RELEASE Product,367
0:RELEASE Product,292
1:REQUEST Product,368
0:REQUEST Product,293
1:RELEASE Product,368
1:REQUEST Product,369
1:RELEASE Product,369
0:RELEASE Product,293
0:REQUEST Product,294
1:REQUEST Product,370
0:RELEASE Product,294
0:REQUEST Product,295
1:RELEASE Product,370
1:REQUEST Product,371
0:RELEASE Product,295
1:RELEASE Product,371
0:REQUEST Product,296
0:RELEASE Product,296
0:REQUEST Product,297
0:RELEASE Product,297
0:REQUEST Product,298
1:REQUEST Product,372
0:RELEASE Product,298
1:RELEASE Product,372
0:REQUEST Product,299
0:RELEASE Product,299
1:REQUEST Product,373
1:RELEASE Product,373
1:REQUEST Product,374
0:REQUEST Product,300
1:RELEASE Product,374
0:RELEASE Product,300
1:REQUEST Product,375
1:RELEASE Product,375
1:REQUEST Product,376
1:RELEASE Product,376
0:REQUEST Product,301
1:REQUEST Product,377
0:RELEASE Product,301
1:RELEASE Product,377
1:REQUEST Product,378
0:REQUEST Product,302
0:RELEASE Product,302
1:RELEASE Product,378
0:REQUEST Product,303
1:REQUEST Product,379
1:RELEASE Product,379
1:REQUEST Product,380
1:RELEASE Product,380
0:RELEASE Product,303
1:REQUEST Product,381
1:RELEASE Product,381
1:REQUEST Product,382
1:RELEASE Product,382
0:REQUEST Product,304
1:REQUEST Product,383
0:RELEASE Product,304
1:RELEASE Product,383
1:REQUEST Product,384
1:RELEASE Product,384
1:REQUEST Product,385
0:REQUEST Product,305
0:RELEASE Product,305
0:REQUEST Product,306
1:RELEASE Product,385
1:REQUEST Product,386
0:RELEASE Product,306
0:REQUEST Product,307
1:RELEASE Product,386
1:REQUEST Product,387
1:RELEASE Product,387
1:REQUEST Product,388
0:RELEASE Product,307
0:REQUEST Product,308
0:RELEASE Product,308
1:RELEASE Product,388
1:REQUEST Product,389
0:REQUEST Product,309
0:RELEASE Product,309
1:RELEASE Product,389
1:REQUEST Product,390
0:REQUEST Product,310
0:RELEASE Product,310
0:REQUEST Product,311
1:RELEASE Product,390
1:REQUEST Product,391
1:RELEASE Product,391
1:REQUEST Product,392
1:RELEASE Product,392
1:REQUEST Product,393
1:RELEASE Product,393
1:REQUEST Product,394
1:RELEASE Product,394
0:RELEASE Product,311
1:REQUEST Product,395
0:REQUEST Product,312
0:RELEASE Product,312
1:RELEASE Product,395
1:REQUEST Product,396
1:RELEASE Product,396
1:REQUEST Product,397
0:REQUEST Product,313
1:RELEASE Product,397
1:REQUEST Product,398
1:RELEASE Product,398
0:RELEASE Product,313
0:REQUEST Product,314
1:REQUEST Product,399
1:RELEASE Product,399
1:REQUEST Product,400
0:RELEASE Product,314
1:RELEASE Product,400
0:REQUEST Product,315
0:RELEASE Product,315
1:REQUEST Product,401
1:RELEASE Product,401
1:REQUEST Product,402
1:RELEASE Product,402
0:REQUEST Product,316
1:REQUEST Product,403
1:RELEASE Product,403
1:REQUEST Product,404
1:RELEASE Product,404
1:REQUEST Product,405
0:RELEASE Product,316
0:REQUEST Product,317
0:RELEASE Product,317
0:REQUEST Product,318
0:RELEASE Product,318
1:RELEASE Product,405
1:REQUEST Product,406
0:REQUEST Product,319
1:RELEASE Product,406
1:REQUEST Product,407
0:RELEASE Product,319
0:REQUEST Product,320
0:RELEASE Product,320
1:RELEASE Product,407
1:REQUEST Product,408
0:REQUEST Product,321
0:RELEASE Product,321
1:RELEASE Product,408
0:REQUEST Product,322
1:REQUEST Product,409
1:RELEASE Product,409
1:REQUEST Product,410
1:RELEASE Product,410
0:RELEASE Product,322
0:REQUEST Product,323
0:RELEASE Product,323
1:REQUEST Product,411
1:RELEASE Product,411
1:REQUEST Product,412
1:RELEASE Product,412
0:REQUEST Product,324
0:RELEASE Product,324
0:REQUEST Product,325
0:RELEASE Product,325
0:REQUEST Product,326
1:REQUEST Product,413
0:RELEASE Product,326
0:REQUEST Product,327
1:RELEASE Product,413
0:RELEASE Product,327
0:REQUEST Product,328
0:RELEASE Product,328
1:REQUEST Product,414
0:REQUEST Product,329
1:RELEASE Product,414
0:RELEASE Product,329
0:REQUEST Product,330
1:REQUEST Product,415
0:RELEASE Product,330
1:RELEASE Product,415
1:REQUEST Product,416
0:REQUEST Product,331
0:RELEASE Product,331
0:REQUEST Product,332
0:RELEASE Product,332
0:REQUEST Product,333
1:RELEASE Product,416
0:RELEASE Product,333
1:REQUEST Product,417
0:REQUEST Product,334
1:RELEASE Product,417
0:RELEASE Product,334
0:REQUEST Product,335
0:RELEASE Product,335
0:REQUEST Product,336
1:REQUEST Product,418
0:RELEASE Product,336
1:RELEASE Product,418
1:REQUEST Product,419
1:RELEASE Product,419
1:REQUEST Product,420
0:REQUEST Product,337
1:RELEASE Product,420
1:REQUEST Product,421
0:RELEASE Product,337
1:RELEASE Product,421
1:REQUEST Product,422
1:RELEASE Product,422
1:REQUEST Product,423
1:RELEASE Product,423
0:REQUEST Product,338
1:REQUEST Product,424
1:RELEASE Product,424
1:REQUEST Product,425
1:RELEASE Product,425
1:REQUEST Product,426
1:RELEASE Product,426
1:REQUEST Product,427
0:RELEASE Product,338
1:RELEASE Product,427
0:REQUEST Product,339
1:REQUEST Product,428
1:RELEASE Product,428
0:RELEASE Product,339
0:REQUEST Product,340
0:RELEASE Product,340
1:REQUEST Product,429
1:RELEASE Product,429
0:REQUEST Product,341
1:REQUEST Product,430
1:RELEASE Product,430
0:RELEASE Product,341
0:REQUEST Product,342
1:REQUEST Product,431
1:RELEASE Product,431
0:RELEASE Product,342
0:REQUEST Product,343
0:RELEASE Product,343
0:REQUEST Product,344
1:REQUEST Product,432
1:RELEASE Product,432
1:REQUEST Product,433
1:RELEASE Product,433
0:RELEASE Product,344
1:REQUEST Product,434
0:REQUEST Product,345
0:RELEASE Product,345
1:RELEASE Product,434
1:REQUEST Product,435
0:REQUEST Product,346
1:RELEASE Product,435
0:RELEASE Product,346
0:REQUEST Product,347
0:RELEASE Product,347
1:REQUEST Product,436
0:REQUEST Product,348
1:RELEASE Product,436
0:RELEASE Product,348
1:REQUEST Product,437
0:REQUEST Product,349
0:RELEASE Product,349
1:RELEASE Product,437
0:REQUEST Product,350
1:REQUEST Product,438
1:RELEASE Product,438
1:REQUEST Product,439
0:RELEASE Product,350
0:REQUEST Product,351
1:RELEASE Product,439
1:REQUEST Product,440
0:RELEASE Product,351
0:REQUEST Product,352
0:RELEASE Product,352
1:RELEASE Product,440
1:REQUEST Product,441
0:REQUEST Product,353
1:RELEASE Product,441
0:RELEASE Product,353
0:REQUEST Product,354
1:REQUEST Product,442
0:RELEASE Product,354
1:RELEASE Product,442
1:REQUEST Product,443
0:REQUEST Product,355
1:RELEASE Product,443
1:REQUEST Product,444
0:RELEASE Product,355
1:RELEASE Product,444
0:REQUEST Product,356
0:RELEASE Product,356
1:REQUEST Product,445
1:RELEASE Product,445
1:REQUEST Product,446
0:REQUEST Product,357
1:RELEASE Product,446
1:REQUEST Product,447
0:RELEASE Product,357
0:REQUEST Product,358
1:RELEASE Product,447
0:RELEASE Product,358
0:REQUEST Product,359
0:RELEASE Product,359
1:REQUEST Product,448
0:REQUEST Product,360
0:RELEASE Product,360
0:REQUEST Product,361
0:RELEASE Product,361
0:REQUEST Product,362
0:RELEASE Product,362
1:RELEASE Product,448
0:REQUEST Product,363
0:RELEASE Product,363
0:REQUEST Product,364
1:REQUEST Product,449
0:RELEASE Product,364
1:RELEASE Product,449
1:REQUEST Product,450
1:RELEASE Product,450
0:REQUEST Product,365
1:REQUEST Product,451
1:RELEASE Product,451
0:RELEASE Product,365
0:REQUEST Product,366
1:REQUEST Product,452
0:RELEASE Product,366
0:REQUEST Product,367
0:RELEASE Product,367
0:REQUEST Product,368
0:RELEASE Product,368
0:REQUEST Product,369
0:RELEASE Product,369
1:RELEASE Product,452
0:REQUEST Product,370
0:RELEASE Product,370
1:REQUEST Product,453
1:RELEASE Product,453
0:REQUEST Product,371
0:RELEASE Product,371
1:REQUEST Product,454
0:REQUEST Product,372
1:RELEASE Product,454
0:RELEASE Product,372
1:REQUEST Product,455
0:REQUEST Product,373
0:RELEASE Product,373
0:REQUEST Product,374
0:RELEASE Product,374
0:REQUEST Product,375
1:RELEASE Product,455
1:REQUEST Product,456
0:RELEASE Product,375
0:REQUEST Product,376
1:RELEASE Product,456
0:RELEASE Product,376
1:REQUEST Product,457
1:RELEASE Product,457
0:REQUEST Product,377
1:REQUEST Product,458
0:RELEASE Product,377
0:REQUEST Product,378
0:RELEASE Product,378
0:REQUEST Product,379
0:RELEASE Product,379
0:REQUEST Product,380
1:RELEASE Product,458
1:REQUEST Product,459
0:RELEASE Product,380
0:REQUEST Product,381
0:RELEASE Product,381
0:REQUEST Product,382
1:RELEASE Product,459
0:RELEASE Product,382
1:REQUEST Product,460
1:RELEASE Product,460
0:REQUEST Product,383
0:RELEASE Product,383
0:REQUEST Product,384
1:REQUEST Product,461
1:RELEASE Product,461
1:REQUEST Product,462
0:RELEASE Product,384
0:REQUEST Product,385
0:RELEASE Product,385
1:RELEASE Product,462
0:REQUEST Product,386
0:RELEASE Product,386
1:REQUEST Product,463
0:REQUEST Product,387
0:RELEASE Product,387
1:RELEASE Product,463
1:REQUEST Product,464
0:REQUEST Product,388
1:RELEASE Product,464
0:RELEASE Product,388
0:REQUEST Product,389
1:REQUEST Product,465
0:RELEASE Product,389
1:RELEASE Product,465
1:REQUEST Product,466
1:RELEASE Product,466
0:REQUEST Product,390
0:RELEASE Product,390
1:REQUEST Product,467
1:RELEASE Product,467
0:REQUEST Product,391
1:REQUEST Product,468
1:RELEASE Product,468
1:REQUEST Product,469
0:RELEASE Product,391
0:REQUEST Product,392
0:RELEASE Product,392
0:REQUEST Product,393
0:RELEASE Product,393
1:RELEASE Product,469
0:REQUEST Product,394
0:RELEASE Product,394
1:REQUEST Product,470
0:REQUEST Product,395
1:RELEASE Product,470
1:REQUEST Product,471
0:RELEASE Product,395
0:REQUEST Product,396
0:RELEASE Product,396
0:REQUEST Product,397
1:RELEASE Product,471
1:REQUEST Product,472
0:RELEASE Product,397
0:REQUEST Product,398
1:RELEASE Product,472
0:RELEASE Product,398
0:REQUEST Product,399
0:RELEASE Product,399
1:REQUEST Product,473
1:RELEASE Product,473
0:REQUEST Product,400
0:RELEASE Product,400
0:REQUEST Product,401
1:REQUEST Product,474
1:RELEASE Product,474
1:REQUEST Product,475
1:RELEASE Product,475
1:REQUEST Product,476
0:RELEASE Product,401
0:REQUEST Product,402
0:RELEASE Product,402
1:RELEASE Product,476
1:REQUEST Product,477
1:RELEASE Product,477
1:REQUEST Product,478
1:RELEASE Product,478
0:REQUEST Product,403
1:REQUEST Product,479
0:RELEASE Product,403
0:REQUEST Product,404
0:RELEASE Product,404
0:REQUEST Product,405
0:RELEASE Product,405
1:RELEASE Product,479
0:REQUEST Product,406
0:RELEASE Product,406
1:REQUEST Product,480
0:REQUEST Product,407
1:RELEASE Product,480
1:REQUEST Product,481
0:RELEASE Product,407
1:RELEASE Product,481
1:REQUEST Product,482
1:RELEASE Product,482
1:REQUEST Product,483
1:RELEASE Product,483
0:REQUEST Product,408
0:RELEASE Product,408
0:REQUEST Product,409
0:RELEASE Product,409
1:REQUEST Product,484
1:RELEASE Product,484
1:REQUEST Product,485
1:RELEASE Product,485
1:REQUEST Product,486
1:RELEASE Product,486
1:REQUEST Product,487
1:RELEASE Product,487
0:REQUEST Product,410
0:RELEASE Product,410
0:REQUEST Product,411
1:REQUEST Product,488
0:RELEASE Product,411
1:RELEASE Product,488
1:REQUEST Product,489
1:RELEASE Product,489
0:REQUEST Product,412
1:REQUEST Product,490
1:RELEASE Product,490
0:RELEASE Product,412
0:REQUEST Product,413
0:RELEASE Product,413
1:REQUEST Product,491
0:REQUEST Product,414
0:RELEASE Product,414
0:REQUEST Product,415
0:RELEASE Product,415
1:RELEASE Product,491
1:REQUEST Product,492
1:RELEASE Product,492
0:REQUEST Product,416
1:REQUEST Product,493
1:RELEASE Product,493
1:REQUEST Product,494
1:RELEASE Product,494
1:REQUEST Product,495
0:RELEASE Product,416
0:REQUEST Product,417
0:RELEASE Product,417
0:REQUEST Product,418
1:RELEASE Product,495
1:REQUEST Product,496
1:RELEASE Product,496
0:RELEASE Product,418
0:REQUEST Product,419
0:RELEASE Product,419
0:REQUEST Product,420
0:RELEASE Product,420
1:REQUEST Product,497
1:RELEASE Product,497
0:REQUEST Product,421
1:REQUEST Product,498
0:RELEASE Product,421
1:RELEASE Product,498
0:REQUEST Product,422
1:REQUEST Product,499
1:RELEASE Product,499
0:RELEASE Product,422
0:REQUEST Product,423
0:RELEASE Product,423
0:REQUEST Product,424
0:RELEASE Product,424
0:REQUEST Product,425
0:RELEASE Product,425
0:REQUEST Product,426
0:RELEASE Product,426
0:REQUEST Product,427
0:RELEASE Product,427
0:REQUEST Product,428
0:RELEASE Product,428
0:REQUEST Product,429
0:RELEASE Product,429
0:REQUEST Product,430
0:RELEASE Product,430
0:REQUEST Product,431
0:RELEASE Product,431
0:REQUEST Product,432
0:RELEASE Product,432
0:REQUEST Product,433
0:RELEASE Product,433
0:REQUEST Product,434
0:RELEASE Product,434
0:REQUEST Product,435
0:RELEASE Product,435
0:REQUEST Product,436
0:RELEASE Product,436
0:REQUEST Product,437
0:RELEASE Product,437
0:REQUEST Product,438
0:RELEASE Product,438
0:REQUEST Product,439
0:RELEASE Product,439
0:REQUEST Product,440
0:RELEASE Product,440
0:REQUEST Product,441
0:RELEASE Product,441
0:REQUEST Product,442
0:RELEASE Product,442
0:REQUEST Product,443
0:RELEASE Product,443
0:REQUEST Product,444
0:RELEASE Product,444
0:REQUEST Product,445
0:RELEASE Product,445
0:REQUEST Product,446
0:RELEASE Product,446
0:REQUEST Product,447
0:RELEASE Product,447
0:REQUEST Product,448
0:RELEASE Product,448
0:REQUEST Product,449
0:RELEASE Product,449
0:REQUEST Product,450
0:RELEASE Product,450
0:REQUEST Product,451
0:RELEASE Product,451
0:REQUEST Product,452
0:RELEASE Product,452
0:REQUEST Product,453
0:RELEASE Product,453
0:REQUEST Product,454
0:RELEASE Product,454
0:REQUEST Product,455
0:RELEASE Product,455
0:REQUEST Product,456
0:RELEASE Product,456
0:REQUEST Product,457
0:RELEASE Product,457
0:REQUEST Product,458
0:RELEASE Product,458
0:REQUEST Product,459
0:RELEASE Product,459
0:REQUEST Product,460
0:RELEASE Product,460
0:REQUEST Product,461
0:RELEASE Product,461
0:REQUEST Product,462
0:RELEASE Product,462
0:REQUEST Product,463
0:RELEASE Product,463
0:REQUEST Product,464
0:RELEASE Product,464
0:REQUEST Product,465
0:RELEASE Product,465
0:REQUEST Product,466
0:RELEASE Product,466
0:REQUEST Product,467
0:RELEASE Product,467
0:REQUEST Product,468
0:RELEASE Product,468
0:REQUEST Product,469
0:RELEASE Product,469
0:REQUEST Product,470
0:RELEASE Product,470
0:REQUEST Product,471
0:RELEASE Product,471
0:REQUEST Product,472
0:RELEASE Product,472
0:REQUEST Product,473
0:RELEASE Product,473
0:REQUEST Product,474
0:RELEASE Product,474
0:REQUEST Product,475
0:RELEASE Product,475
0:REQUEST Product,476
0:RELEASE Product,476
0:REQUEST Product,477
0:RELEASE Product,477
0:REQUEST Product,478
0:RELEASE Product,478
0:REQUEST Product,479
0:RELEASE Product,479
0:REQUEST Product,480
0:RELEASE Product,480
0:REQUEST Product,481
0:RELEASE Product,481
0:REQUEST Product,482
0:RELEASE Product,482
0:REQUEST Product,483
0:RELEASE Product,483
0:REQUEST Product,484
0:RELEASE Product,484
0:REQUEST Product,485
0:RELEASE Product,485
0:REQUEST Product,486
0:RELEASE Product,486
0:REQUEST Product,487
0:RELEASE Product,487
0:REQUEST Product,488
0:RELEASE Product,488
0:REQUEST Product,489
0:RELEASE Product,489
0:REQUEST Product,490
0:RELEASE Product,490
0:REQUEST Product,491
0:RELEASE Product,491
0:REQUEST Product,492
0:RELEASE Product,492
0:REQUEST Product,493
0:RELEASE Product,493
0:REQUEST Product,494
0:RELEASE Product,494
0:REQUEST Product,495
0:RELEASE Product,495
0:REQUEST Product,496
0:RELEASE Product,496
0:REQUEST Product,497
0:RELEASE Product,497
0:REQUEST Product,498
0:RELEASE Product,498
0:REQUEST Product,499
0:RELEASE Product,499
0:REQUEST Product,500
0:RELEASE Product,500
0:REQUEST Product,501
0:RELEASE Product,501
0:REQUEST Product,502
0:RELEASE Product,502
0:REQUEST Product,503
0:RELEASE Product,503
0:REQUEST Product,504
0:RELEASE Product,504
0:REQUEST Product,505
0:RELEASE Product,505
0:REQUEST Product,506
0:RELEASE Product,506
0:REQUEST Product,507
0:RELEASE Product,507
0:REQUEST Product,508
0:RELEASE Product,508
0:REQUEST Product,509
0:RELEASE Product,509
0:REQUEST Product,510
0:RELEASE Product,510
0:REQUEST Product,511
0:RELEASE Product,511
0:REQUEST Product,512
0:RELEASE Product,512
0:REQUEST Product,513
0:RELEASE Product,513
0:REQUEST Product,514
0:RELEASE Product,514
0:REQUEST Product,515
0:RELEASE Product,515
0:REQUEST Product,516
0:RELEASE Product,516
0:REQUEST Product,517
0:RELEASE Product,517
0:REQUEST Product,518
0:RELEASE Product,518
0:REQUEST Product,519
0:RELEASE Product,519
0:REQUEST Product,520
0:RELEASE Product,520
0:REQUEST Product,521
0:RELEASE Product,521
0:REQUEST Product,522
0:RELEASE Product,522
0:REQUEST Product,523
0:RELEASE Product,523
0:REQUEST Product,524
0:RELEASE Product,524
0:REQUEST Product,525
0:RELEASE Product,525
0:REQUEST Product,526
0:RELEASE Product,526
0:REQUEST Product,527
0:RELEASE Product,527
0:REQUEST Product,528
0:RELEASE Product,528
0:REQUEST Product,529
0:RELEASE Product,529
0:REQUEST Product,530
0:RELEASE Product,530
0:REQUEST Product,531
0:RELEASE Product,531
0:REQUEST Product,532
0:RELEASE Product,532
0:REQUEST Product,533
0:RELEASE Product,533
0:REQUEST Product,534
0:RELEASE Product,534
0:REQUEST Product,535
0:RELEASE Product,535
0:REQUEST Product,536
0:RELEASE Product,536
0:REQUEST Product,537
0:RELEASE Product,537
0:REQUEST Product,538
0:RELEASE Product,538
0:REQUEST Product,539
0:RELEASE Product,539
0:REQUEST Product,540
0:RELEASE Product,540
0:REQUEST Product,541
0:RELEASE Product,541
0:REQUEST Product,542
0:RELEASE Product,542
0:REQUEST Product,543
0:RELEASE Product,543
0:REQUEST Product,544
0:RELEASE Product,544
0:REQUEST Product,545
0:RELEASE Product,545
0:REQUEST Product,546
0:RELEASE Product,546
0:REQUEST Product,547
0:RELEASE Product,547
0:REQUEST Product,548
0:RELEASE Product,548
0:REQUEST Product,549
0:RELEASE Product,549
0:REQUEST Product,550
0:RELEASE Product,550
0:REQUEST Product,551
0:RELEASE Product,551
0:REQUEST Product,552
0:RELEASE Product,552
0:REQUEST Product,553
0:RELEASE Product,553
0:REQUEST Product,554
0:RELEASE Product,554
0:REQUEST Product,555
0:RELEASE Product,555
0:REQUEST Product,556
0:RELEASE Product,556
0:REQUEST Product,557
0:RELEASE Product,557
0:REQUEST Product,558
0:RELEASE Product,558
0:REQUEST Product,559
0:RELEASE Product,559
0:REQUEST Product,560
0:RELEASE Product,560
0:REQUEST Product,561
0:RELEASE Product,561
0:REQUEST Product,562
0:RELEASE Product,562
0:REQUEST Product,563
0:RELEASE Product,563
0:REQUEST Product,564
0:RELEASE Product,564
0:REQUEST Product,565
0:RELEASE Product,565
0:REQUEST Product,566
0:RELEASE Product,566
0:REQUEST Product,567
0:RELEASE Product,567
0:REQUEST Product,568
0:RELEASE Product,568
0:REQUEST Product,569
0:RELEASE Product,569
0:REQUEST Product,570
0:RELEASE Product,570
0:REQUEST Product,571
0:RELEASE Product,571
0:REQUEST Product,572
0:RELEASE Product,572
0:REQUEST Product,573
0:RELEASE Product,573
0:REQUEST Product,574
0:RELEASE Product,574
0:REQUEST Product,575
0:RELEASE Product,575
0:REQUEST Product,576
0:RELEASE Product,576
0:REQUEST Product,577
0:RELEASE Product,577
0:REQUEST Product,578
0:RELEASE Product,578
0:REQUEST Product,579
0:RELEASE Product,579
0:REQUEST Product,580
0:RELEASE Product,580
0:REQUEST Product,581
0:RELEASE Product,581
0:REQUEST Product,582
0:RELEASE Product,582
0:REQUEST Product,583
0:RELEASE Product,583
0:REQUEST Product,584
0:RELEASE Product,584
0:REQUEST Product,585
0:RELEASE Product,585
0:REQUEST Product,586
0:RELEASE Product,586
0:REQUEST Product,587
0:RELEASE Product,587
0:REQUEST Product,588
0:RELEASE Product,588
0:REQUEST Product,589
0:RELEASE Product,589
0:REQUEST Product,590
0:RELEASE Product,590
0:REQUEST Product,591
0:RELEASE Product,591
0:REQUEST Product,592
0:RELEASE Product,592
0:REQUEST Product,593
0:RELEASE Product,593
0:REQUEST Product,594
0:RELEASE Product,594
0:REQUEST Product,595
0:RELEASE Product,595
0:REQUEST Product,596
0:RELEASE Product,596
0:REQUEST Product,597
0:RELEASE Product,597
0:REQUEST Product,598
0:RELEASE Product,598
0:REQUEST Product,599
0:RELEASE Product,599
0:REQUEST Product,600
0:RELEASE Product,600
0:REQUEST Product,601
0:RELEASE Product,601
0:REQUEST Product,602
0:RELEASE Product,602
0:REQUEST Product,603
0:RELEASE Product,603
0:REQUEST Product,604
0:RELEASE Product,604
0:REQUEST Product,605
0:RELEASE Product,605
0:REQUEST Product,606
0:RELEASE Product,606
0:REQUEST Product,607
0:RELEASE Product,607
0:REQUEST Product,608
0:RELEASE Product,608
0:REQUEST Product,609
0:RELEASE Product,609
0:REQUEST Product,610
0:RELEASE Product,610
0:REQUEST Product,611
0:RELEASE Product,611
0:REQUEST Product,612
0:RELEASE Product,612
0:REQUEST Product,613
0:RELEASE Product,613
0:REQUEST Product,614
0:RELEASE Product,614
0:REQUEST Product,615
0:RELEASE Product,615
0:REQUEST Product,616
0:RELEASE Product,616
0:REQUEST Product,617
0:RELEASE Product,617
0:REQUEST Product,618
0:RELEASE Product,618
0:REQUEST Product,619
0:RELEASE Product,619
0:REQUEST Product,620
0:RELEASE Product,620
0:REQUEST Product,621
0:RELEASE Product,621
0:REQUEST Product,622
0:RELEASE Product,622
0:REQUEST Product,623
0:RELEASE Product,623
0:REQUEST Product,624
0:RELEASE Product,624
0:REQUEST Product,625
0:RELEASE Product,625
0:REQUEST Product,626
0:RELEASE Product,626
0:REQUEST Product,627
0:RELEASE Product,627
0:REQUEST Product,628
0:RELEASE Product,628
0:REQUEST Product,629
0:RELEASE Product,629
0:REQUEST Product,630
0:RELEASE Product,630
0:REQUEST Product,631
0:RELEASE Product,631
0:REQUEST Product,632
0:RELEASE Product,632
0:REQUEST Product,633
0:RELEASE Product,633
0:REQUEST Product,634
0:RELEASE Product,634
0:REQUEST Product,635
0:RELEASE Product,635
0:REQUEST Product,636
0:RELEASE Product,636
0:REQUEST Product,637
0:RELEASE Product,637
0:REQUEST Product,638
0:RELEASE Product,638
0:REQUEST Product,639
0:RELEASE Product,639
0:REQUEST Product,640
0:RELEASE Product,640
0:REQUEST Product,641
0:RELEASE Product,641
0:REQUEST Product,642
0:RELEASE Product,642
0:REQUEST Product,643
0:RELEASE Product,643
0:REQUEST Product,644
0:RELEASE Product,644
0:REQUEST Product,645
0:RELEASE Product,645
0:REQUEST Product,646
0:RELEASE Product,646
0:REQUEST Product,647
0:RELEASE Product,647
0:REQUEST Product,648
0:RELEASE Product,648
0:REQUEST Product,649
0:RELEASE Product,649
0:REQUEST Product,650
0:RELEASE Product,650
0:REQUEST Product,651
0:RELEASE Product,651
0:REQUEST Product,652
0:RELEASE Product,652
0:REQUEST Product,653
0:RELEASE Product,653
0:REQUEST Product,654
0:RELEASE Product,654
0:REQUEST Product,655
0:RELEASE Product,655
0:REQUEST Product,656
0:RELEASE Product,656
0:REQUEST Product,657
0:RELEASE Product,657
0:REQUEST Product,658
0:RELEASE Product,658
0:REQUEST Product,659
0:RELEASE Product,659
0:REQUEST Product,660
0:RELEASE Product,660
0:REQUEST Product,661
0:RELEASE Product,661
0:REQUEST Product,662
0:RELEASE Product,662
0:REQUEST Product,663
0:RELEASE Product,663
0:REQUEST Product,664
0:RELEASE Product,664
0:REQUEST Product,665
0:RELEASE Product,665
0:REQUEST Product,666
0:RELEASE Product,666
0:REQUEST Product,667
0:RELEASE Product,667
0:REQUEST Product,668
0:RELEASE Product,668
0:REQUEST Product,669
0:RELEASE Product,669
0:REQUEST Product,670
0:RELEASE Product,670
0:REQUEST Product,671
0:RELEASE Product,671
0:REQUEST Product,672
0:RELEASE Product,672
0:REQUEST Product,673
0:RELEASE Product,673
0:REQUEST Product,674
0:RELEASE Product,674
0:REQUEST Product,675
0:RELEASE Product,675
0:REQUEST Product,676
0:RELEASE Product,676
0:REQUEST Product,677
0:RELEASE Product,677
0:REQUEST Product,678
0:RELEASE Product,678
0:REQUEST Product,679
0:RELEASE Product,679
0:REQUEST Product,680
0:RELEASE Product,680
0:REQUEST Product,681
0:RELEASE Product,681
0:REQUEST Product,682
0:RELEASE Product,682
0:REQUEST Product,683
0:RELEASE Product,683
0:REQUEST Product,684
0:RELEASE Product,684
0:REQUEST Product,685
0:RELEASE Product,685
0:REQUEST Product,686
0:RELEASE Product,686
0:REQUEST Product,687
0:RELEASE Product,687
0:REQUEST Product,688
0:RELEASE Product,688
0:REQUEST Product,689
0:RELEASE Product,689
0:REQUEST Product,690
0:RELEASE Product,690
0:REQUEST Product,691
0:RELEASE Product,691
0:REQUEST Product,692
0:RELEASE Product,692
0:REQUEST Product,693
0:RELEASE Product,693
0:REQUEST Product,694
0:RELEASE Product,694
0:REQUEST Product,695
0:RELEASE Product,695
0:REQUEST Product,696
0:RELEASE Product,696
0:REQUEST Product,697
0:RELEASE Product,697
0:REQUEST Product,698
0:RELEASE Product,698
0:REQUEST Product,699
0:RELEASE Product,699
0:REQUEST Product,700
0:RELEASE Product,700
0:REQUEST Product,701
0:RELEASE Product,701
0:REQUEST Product,702
0:RELEASE Product,702
0:REQUEST Product,703
0:RELEASE Product,703
0:REQUEST Product,704
0:RELEASE Product,704
0:REQUEST Product,705
0:RELEASE Product,705
0:REQUEST Product,706
0:RELEASE Product,706
0:REQUEST Product,707
0:RELEASE Product,707
0:REQUEST Product,708
0:RELEASE Product,708
0:REQUEST Product,709
0:RELEASE Product,709
0:REQUEST Product,710
0:RELEASE Product,710
0:REQUEST Product,711
0:RELEASE Product,711
0:REQUEST Product,712
0:RELEASE Product,712
0:REQUEST Product,713
0:RELEASE Product,713
0:REQUEST Product,714
0:RELEASE Product,714
0:REQUEST Product,715
0:RELEASE Product,715
0:REQUEST Product,716
0:RELEASE Product,716
0:REQUEST Product,717
0:RELEASE Product,717
0:REQUEST Product,718
0:RELEASE Product,718
0:REQUEST Product,719
0:RELEASE Product,719
0:REQUEST Product,720
0:RELEASE Product,720
0:REQUEST Product,721
0:RELEASE Product,721
0:REQUEST Product,722
0:RELEASE Product,722
0:REQUEST Product,723
0:RELEASE Product,723
0:REQUEST Product,724
0:RELEASE Product,724
0:REQUEST Product,725
0:RELEASE Product,725
0:REQUEST Product,726
0:RELEASE Product,726
0:REQUEST Product,727
0:RELEASE Product,727
0:REQUEST Product,728
0:RELEASE Product,728
0:REQUEST Product,729
0:RELEASE Product,729
0:REQUEST Product,730
0:RELEASE Product,730
0:REQUEST Product,731
0:RELEASE Product,731
0:REQUEST Product,732
0:RELEASE Product,732
0:REQUEST Product,733
0:RELEASE Product,733
0:REQUEST Product,734
0:RELEASE Product,734
0:REQUEST Product,735
0:RELEASE Product,735
0:REQUEST Product,736
0:RELEASE Product,736
0:REQUEST Product,737
0:RELEASE Product,737
0:REQUEST Product,738
0:RELEASE Product,738
0:REQUEST Product,739
0:RELEASE Product,739
0:REQUEST Product,740
0:RELEASE Product,740
0:REQUEST Product,741
0:RELEASE Product,741
0:REQUEST Product,742
0:RELEASE Product,742
0:REQUEST Product,743
0:RELEASE Product,743
0:REQUEST Product,744
0:RELEASE Product,744
0:REQUEST Product,745
0:RELEASE Product,745
0:REQUEST Product,746
0:RELEASE Product,746
0:REQUEST Product,747
0:RELEASE Product,747
0:REQUEST Product,748
0:RELEASE Product,748
0:REQUEST Product,749
0:RELEASE Product,749
0:REQUEST Product,750
0:RELEASE Product,750
0:REQUEST Product,751
0:RELEASE Product,751
0:REQUEST Product,752
0:RELEASE Product,752
0:REQUEST Product,753
0:RELEASE Product,753
0:REQUEST Product,754
0:RELEASE Product,754
0:REQUEST Product,755
0:RELEASE Product,755
0:REQUEST Product,756
0:RELEASE Product,756
0:REQUEST Product,757
0:RELEASE Product,757
0:REQUEST Product,758
0:RELEASE Product,758
0:REQUEST Product,759
0:RELEASE Product,759
0:REQUEST Product,760
0:RELEASE Product,760
0:REQUEST Product,761
0:RELEASE Product,761
0:REQUEST Product,762
0:RELEASE Product,762
0:REQUEST Product,763
0:RELEASE Product,763
0:REQUEST Product,764
0:RELEASE Product,764
0:REQUEST Product,765
0:RELEASE Product,765
0:REQUEST Product,766
0:RELEASE Product,766
0:REQUEST Product,767
0:RELEASE Product,767
0:REQUEST Product,768
0:RELEASE Product,768
0:REQUEST Product,769
0:RELEASE Product,769
0:REQUEST Product,770
0:RELEASE Product,770
0:REQUEST Product,771
0:RELEASE Product,771
0:REQUEST Product,772
0:RELEASE Product,772
0:REQUEST Product,773
0:RELEASE Product,773
0:REQUEST Product,774
0:RELEASE Product,774
0:REQUEST Product,775
0:RELEASE Product,775
0:REQUEST Product,776
0:RELEASE Product,776
0:REQUEST Product,777
0:RELEASE Product,777
0:REQUEST Product,778
0:RELEASE Product,778
0:REQUEST Product,779
0:RELEASE Product,779
0:REQUEST Product,780
0:RELEASE Product,780
0:REQUEST Product,781
0:RELEASE Product,781
0:REQUEST Product,782
0:RELEASE Product,782
0:REQUEST Product,783
0:RELEASE Product,783
0:REQUEST Product,784
0:RELEASE Product,784
0:REQUEST Product,785
0:RELEASE Product,785
0:REQUEST Product,786
0:RELEASE Product,786
0:REQUEST Product,787
0:RELEASE Product,787
0:REQUEST Product,788
0:RELEASE Product,788
0:REQUEST Product,789
0:RELEASE Product,789
0:REQUEST Product,790
0:RELEASE Product,790
0:REQUEST Product,791
0:RELEASE Product,791
0:REQUEST Product,792
0:RELEASE Product,792
0:REQUEST Product,793
0:RELEASE Product,793
0:REQUEST Product,794
0:RELEASE Product,794
0:REQUEST Product,795
0:RELEASE Product,795
0:REQUEST Product,796
0:RELEASE Product,796
0:REQUEST Product,797
0:RELEASE Product,797
0:REQUEST Product,798
0:RELEASE Product,798
0:REQUEST Product,799
0:RELEASE Product,799
0:REQUEST Product,800
0:RELEASE Product,800
0:REQUEST Product,801
0:RELEASE Product,801
0:REQUEST Product,802
0:RELEASE Product,802
0:REQUEST Product,803
0:RELEASE Product,803
0:REQUEST Product,804
0:RELEASE Product,804
0:REQUEST Product,805
0:RELEASE Product,805
0:REQUEST Product,806
0:RELEASE Product,806
0:REQUEST Product,807
0:RELEASE Product,807
0:REQUEST Product,808
0:RELEASE Product,808
0:REQUEST Product,809
0:RELEASE Product,809
0:REQUEST Product,810
0:RELEASE Product,810
0:REQUEST Product,811
0:RELEASE Product,811
0:REQUEST Product,812
0:RELEASE Product,812
0:REQUEST Product,813
0:RELEASE Product,813
0:REQUEST Product,814
0:RELEASE Product,814
0:REQUEST Product,815
0:RELEASE Product,815
0:REQUEST Product,816
0:RELEASE Product,816
0:REQUEST Product,817
0:RELEASE Product,817
0:REQUEST Product,818
0:RELEASE Product,818
0:REQUEST Product,819
0:RELEASE Product,819
0:REQUEST Product,820
0:RELEASE Product,820
0:REQUEST Product,821
0:RELEASE Product,821
0:REQUEST Product,822
0:RELEASE Product,822
0:REQUEST Product,823
0:RELEASE Product,823
0:REQUEST Product,824
0:RELEASE Product,824
0:REQUEST Product,825
0:RELEASE Product,825
0:REQUEST Product,826
0:RELEASE Product,826
0:REQUEST Product,827
0:RELEASE Product,827
0:REQUEST Product,828
0:RELEASE Product,828
0:REQUEST Product,829
0:RELEASE Product,829
0:REQUEST Product,830
0:RELEASE Product,830
0:REQUEST Product,831
0:RELEASE Product,831
0:REQUEST Product,832
0:RELEASE Product,832
0:REQUEST Product,833
0:RELEASE Product,833
0:REQUEST Product,834
0:RELEASE Product,834
0:REQUEST Product,835
0:RELEASE Product,835
0:REQUEST Product,836
0:RELEASE Product,836
0:REQUEST Product,837
0:RELEASE Product,837
0:REQUEST Product,838
0:RELEASE Product,838
0:REQUEST Product,839
0:RELEASE Product,839
0:REQUEST Product,840
0:RELEASE Product,840
0:REQUEST Product,841
0:RELEASE Product,841
0:REQUEST Product,842
0:RELEASE Product,842
0:REQUEST Product,843
0:RELEASE Product,843
0:REQUEST Product,844
0:RELEASE Product,844
0:REQUEST Product,845
0:RELEASE Product,845
0:REQUEST Product,846
0:RELEASE Product,846
0:REQUEST Product,847
0:RELEASE Product,847
0:REQUEST Product,848
0:RELEASE Product,848
0:REQUEST Product,849
0:RELEASE Product,849
0:REQUEST Product,850
0:RELEASE Product,850
0:REQUEST Product,851
0:RELEASE Product,851
0:REQUEST Product,852
0:RELEASE Product,852
0:REQUEST Product,853
0:RELEASE Product,853
0:REQUEST Product,854
0:RELEASE Product,854
0:REQUEST Product,855
0:RELEASE Product,855
0:REQUEST Product,856
0:RELEASE Product,856
0:REQUEST Product,857
0:RELEASE Product,857
0:REQUEST Product,858
0:RELEASE Product,858
0:REQUEST Product,859
0:RELEASE Product,859
0:REQUEST Product,860
0:RELEASE Product,860
0:REQUEST Product,861
0:RELEASE Product,861
0:REQUEST Product,862
0:RELEASE Product,862
0:REQUEST Product,863
0:RELEASE Product,863
0:REQUEST Product,864
0:RELEASE Product,864
0:REQUEST Product,865
0:RELEASE Product,865
0:REQUEST Product,866
0:RELEASE Product,866
0:REQUEST Product,867
0:RELEASE Product,867
0:REQUEST Product,868
0:RELEASE Product,868
0:REQUEST Product,869
0:RELEASE Product,869
0:REQUEST Product,870
0:RELEASE Product,870
0:REQUEST Product,871
0:RELEASE Product,871
0:REQUEST Product,872
0:RELEASE Product,872
0:REQUEST Product,873
0:RELEASE Product,873
0:REQUEST Product,874
0:RELEASE Product,874
0:REQUEST Product,875
0:RELEASE Product,875
0:REQUEST Product,876
0:RELEASE Product,876
0:REQUEST Product,877
0:RELEASE Product,877
0:REQUEST Product,878
0:RELEASE Product,878
0:REQUEST Product,879
0:RELEASE Product,879
0:REQUEST Product,880
0:RELEASE Product,880
0:REQUEST Product,881
0:RELEASE Product,881
0:REQUEST Product,882
0:RELEASE Product,882
0:REQUEST Product,883
0:RELEASE Product,883
0:REQUEST Product,884
0:RELEASE Product,884
0:REQUEST Product,885
0:RELEASE Product,885
0:REQUEST Product,886
0:RELEASE Product,886
0:REQUEST Product,887
0:RELEASE Product,887
0:REQUEST Product,888
0:RELEASE Product,888
0:REQUEST Product,889
0:RELEASE Product,889
0:REQUEST Product,890
0:RELEASE Product,890
0:REQUEST Product,891
0:RELEASE Product,891
0:REQUEST Product,892
0:RELEASE Product,892
0:REQUEST Product,893
0:RELEASE Product,893
0:REQUEST Product,894
0:RELEASE Product,894
0:REQUEST Product,895
0:RELEASE Product,895
0:REQUEST Product,896
0:RELEASE Product,896
0:REQUEST Product,897
0:RELEASE Product,897
0:REQUEST Product,898
0:RELEASE Product,898
0:REQUEST Product,899
0:RELEASE Product,899
0:REQUEST Product,900
0:RELEASE Product,900
0:REQUEST Product,901
0:RELEASE Product,901
0:REQUEST Product,902
0:RELEASE Product,902
0:REQUEST Product,903
0:RELEASE Product,903
0:REQUEST Product,904
0:RELEASE Product,904
0:REQUEST Product,905
0:RELEASE Product,905
0:REQUEST Product,906
0:RELEASE Product,906
0:REQUEST Product,907
0:RELEASE Product,907
0:REQUEST Product,908
0:RELEASE Product,908
0:REQUEST Product,909
0:RELEASE Product,909
0:REQUEST Product,910
0:RELEASE Product,910
0:REQUEST Product,911
0:RELEASE Product,911
0:REQUEST Product,912
0:RELEASE Product,912
0:REQUEST Product,913
0:RELEASE Product,913
0:REQUEST Product,914
0:RELEASE Product,914
0:REQUEST Product,915
0:RELEASE Product,915
0:REQUEST Product,916
0:RELEASE Product,916
0:REQUEST Product,917
0:RELEASE Product,917
0:REQUEST Product,918
0:RELEASE Product,918
0:REQUEST Product,919
0:RELEASE Product,919
0:REQUEST Product,920
0:RELEASE Product,920
0:REQUEST Product,921
0:RELEASE Product,921
0:REQUEST Product,922
0:RELEASE Product,922
0:REQUEST Product,923
0:RELEASE Product,923
0:REQUEST Product,924
0:RELEASE Product,924
0:REQUEST Product,925
0:RELEASE Product,925
0:REQUEST Product,926
0:RELEASE Product,926
0:REQUEST Product,927
0:RELEASE Product,927
0:REQUEST Product,928
0:RELEASE Product,928
0:REQUEST Product,929
0:RELEASE Product,929
0:REQUEST Product,930
0:RELEASE Product,930
0:REQUEST Product,931
0:RELEASE Product,931
0:REQUEST Product,932
0:RELEASE Product,932
0:REQUEST Product,933
0:RELEASE Product,933
0:REQUEST Product,934
0:RELEASE Product,934
0:REQUEST Product,935
0:RELEASE Product,935
0:REQUEST Product,936
0:RELEASE Product,936
0:REQUEST Product,937
0:RELEASE Product,937
0:REQUEST Product,938
0:RELEASE Product,938
0:REQUEST Product,939
0:RELEASE Product,939
0:REQUEST Product,940
0:RELEASE Product,940
0:REQUEST Product,941
0:RELEASE Product,941
0:REQUEST Product,942
0:RELEASE Product,942
0:REQUEST Product,943
0:RELEASE Product,943
0:REQUEST Product,944
0:RELEASE Product,944
0:REQUEST Product,945
0:RELEASE Product,945
0:REQUEST Product,946
0:RELEASE Product,946
0:REQUEST Product,947
0:RELEASE Product,947
0:REQUEST Product,948
0:RELEASE Product,948
0:REQUEST Product,949
0:RELEASE Product,949
0:REQUEST Product,950
0:RELEASE Product,950
0:REQUEST Product,951
0:RELEASE Product,951
0:REQUEST Product,952
0:RELEASE Product,952
0:REQUEST Product,953
0:RELEASE Product,953
0:REQUEST Product,954
0:RELEASE Product,954
0:REQUEST Product,955
0:RELEASE Product,955
0:REQUEST Product,956
0:RELEASE Product,956
0:REQUEST Product,957
0:RELEASE Product,957
0:REQUEST Product,958
0:RELEASE Product,958
0:REQUEST Product,959
0:RELEASE Product,959
0:REQUEST Product,960
0:RELEASE Product,960
0:REQUEST Product,961
0:RELEASE Product,961
0:REQUEST Product,962
0:RELEASE Product,962
0:REQUEST Product,963
0:RELEASE Product,963
0:REQUEST Product,964
0:RELEASE Product,964
0:REQUEST Product,965
0:RELEASE Product,965
0:REQUEST Product,966
0:RELEASE Product,966
0:REQUEST Product,967
0:RELEASE Product,967
0:REQUEST Product,968
0:RELEASE Product,968
0:REQUEST Product,969
0:RELEASE Product,969
0:REQUEST Product,970
0:RELEASE Product,970
0:REQUEST Product,971
0:RELEASE Product,971
0:REQUEST Product,972
0:RELEASE Product,972
0:REQUEST Product,973
0:RELEASE Product,973
0:REQUEST Product,974
0:RELEASE Product,974
0:REQUEST Product,975
0:RELEASE Product,975
0:REQUEST Product,976
0:RELEASE Product,976
0:REQUEST Product,977
0:RELEASE Product,977
0:REQUEST Product,978
0:RELEASE Product,978
0:REQUEST Product,979
0:RELEASE Product,979
0:REQUEST Product,980
0:RELEASE Product,980
0:REQUEST Product,981
0:RELEASE Product,981
0:REQUEST Product,982
0:RELEASE Product,982
0:REQUEST Product,983
0:RELEASE Product,983
0:REQUEST Product,984
0:RELEASE Product,984
0:REQUEST Product,985
0:RELEASE Product,985
0:REQUEST Product,986
0:RELEASE Product,986
0:REQUEST Product,987
0:RELEASE Product,987
0:REQUEST Product,988
0:RELEASE Product,988
0:REQUEST Product,989
0:RELEASE Product,989
0:REQUEST Product,990
0:RELEASE Product,990
0:REQUEST Product,991
0:RELEASE Product,991
0:REQUEST Product,992
0:RELEASE Product,992
0:REQUEST Product,993
0:RELEASE Product,993
0:REQUEST Product,994
0:RELEASE Product,994
0:REQUEST Product,995
0:RELEASE Product,995
0:REQUEST Product,996
0:RELEASE Product,996
0:REQUEST Product,997
0:RELEASE Product,997
0:REQUEST Product,998
0:RELEASE Product,998
0:REQUEST Product,999
0:RELEASE Product,999
